app/build/intermediates/manifest_merge_blame_file/debug/manifest-merger-blame-debug-report.txt
1<?xml version="1.0" encoding="utf-8"?>
2<manifest xmlns:android="http://schemas.android.com/apk/res/android"
3    package="com.example.ukmku"
4    android:versionCode="1"
5    android:versionName="1.0" >
6
7    <uses-sdk
8        android:minSdkVersion="21"
8-->src\main\AndroidManifest.xml
9        android:targetSdkVersion="29" />
9-->src\main\AndroidManifest.xml
10
11    <uses-permission android:name="android.permission.INTERNET" />
11-->src\main\AndroidManifest.xml:5:5-67
11-->src\main\AndroidManifest.xml:5:22-64
12
13    <application
13-->src\main\AndroidManifest.xml:7:5-41:19
14        android:allowBackup="true"
14-->src\main\AndroidManifest.xml:8:9-35
15        android:appComponentFactory="androidx.core.app.CoreComponentFactory"
15-->[androidx.core:core:1.1.0] AndroidManifest.xml:24:18-86
16        android:debuggable="true"
17        android:icon="@mipmap/ic_launcher"
17-->src\main\AndroidManifest.xml:9:9-43
18        android:label="@string/app_name"
18-->src\main\AndroidManifest.xml:10:9-41
19        android:networkSecurityConfig="@xml/network_security_config"
19-->src\main\AndroidManifest.xml:11:9-69
20        android:roundIcon="@mipmap/ic_launcher_round"
20-->src\main\AndroidManifest.xml:12:9-54
21        android:supportsRtl="true"
21-->src\main\AndroidManifest.xml:13:9-35
22        android:theme="@style/AppTheme" >
22-->src\main\AndroidManifest.xml:14:9-40
23        <activity android:name="com.example.ukmku.activity.investor.PaymentMethod0Activity" />
23-->src\main\AndroidManifest.xml:15:9-87
23-->src\main\AndroidManifest.xml:15:19-75
24        <activity android:name="com.example.ukmku.activity.investor.InvestorProductActivity" />
24-->src\main\AndroidManifest.xml:16:9-79
24-->src\main\AndroidManifest.xml:16:19-76
25        <activity android:name="com.example.ukmku.activity.investor.InvestorProfileActivity" />
25-->src\main\AndroidManifest.xml:17:9-79
25-->src\main\AndroidManifest.xml:17:19-76
26        <activity android:name="com.example.ukmku.fragment.investor.InvestorPortofolioActivity" />
26-->src\main\AndroidManifest.xml:18:9-82
26-->src\main\AndroidManifest.xml:18:19-79
27        <activity android:name="com.example.ukmku.fragment.investor.InvestorTransactionActivity" />
27-->src\main\AndroidManifest.xml:19:9-83
27-->src\main\AndroidManifest.xml:19:19-80
28        <activity android:name="com.example.ukmku.activity.investor.InvestorTransactionActivity" />
28-->src\main\AndroidManifest.xml:20:9-83
28-->src\main\AndroidManifest.xml:20:19-80
29        <activity android:name="com.example.ukmku.activity.investor.InvestorProfileDetailActivity" />
29-->src\main\AndroidManifest.xml:21:9-85
29-->src\main\AndroidManifest.xml:21:19-82
30        <activity android:name="com.example.ukmku.activity.owner.OwnerProfileDetailActivity" />
30-->src\main\AndroidManifest.xml:22:9-79
30-->src\main\AndroidManifest.xml:22:19-76
31        <activity android:name="com.example.ukmku.activity.owner.OwnerProfileActivity" />
31-->src\main\AndroidManifest.xml:23:9-73
31-->src\main\AndroidManifest.xml:23:19-70
32        <activity android:name="com.example.ukmku.activity.owner.OwnerModalActivity" />
32-->src\main\AndroidManifest.xml:24:9-71
32-->src\main\AndroidManifest.xml:24:19-68
33        <activity android:name="com.example.ukmku.activity.owner.ProfitReportActivity" />
33-->src\main\AndroidManifest.xml:25:9-73
33-->src\main\AndroidManifest.xml:25:19-70
34        <activity android:name="com.example.ukmku.activity.investor.PaymentMethodActivity" />
34-->src\main\AndroidManifest.xml:26:9-77
34-->src\main\AndroidManifest.xml:26:19-74
35        <activity android:name="com.example.ukmku.activity.owner.MediaPlayerActivity" />
35-->src\main\AndroidManifest.xml:27:9-72
35-->src\main\AndroidManifest.xml:27:19-69
36        <activity android:name="com.example.ukmku.activity.general.NewsActivity" />
36-->src\main\AndroidManifest.xml:28:9-67
36-->src\main\AndroidManifest.xml:28:19-64
37        <activity android:name="com.example.ukmku.activity.owner.OwnerHomeActivity" />
37-->src\main\AndroidManifest.xml:29:9-70
37-->src\main\AndroidManifest.xml:29:19-67
38        <activity android:name="com.example.ukmku.activity.owner.OwnerRegister2Activity" />
38-->src\main\AndroidManifest.xml:30:9-75
38-->src\main\AndroidManifest.xml:30:19-72
39        <activity android:name="com.example.ukmku.activity.investor.InvestorRegister2Activity" />
39-->src\main\AndroidManifest.xml:31:9-81
39-->src\main\AndroidManifest.xml:31:19-78
40        <activity android:name="com.example.ukmku.activity.general.RegisterActivity" />
40-->src\main\AndroidManifest.xml:32:9-71
40-->src\main\AndroidManifest.xml:32:19-68
41        <activity android:name="com.example.ukmku.activity.general.LoginActivity" >
41-->src\main\AndroidManifest.xml:33:9-39:20
41-->src\main\AndroidManifest.xml:33:19-65
42            <intent-filter>
42-->src\main\AndroidManifest.xml:34:13-38:29
43                <action android:name="android.intent.action.MAIN" />
43-->src\main\AndroidManifest.xml:35:17-69
43-->src\main\AndroidManifest.xml:35:25-66
44
45                <category android:name="android.intent.category.LAUNCHER" />
45-->src\main\AndroidManifest.xml:37:17-77
45-->src\main\AndroidManifest.xml:37:27-74
46            </intent-filter>
47        </activity>
48        <activity android:name="com.example.ukmku.activity.investor.InvestorHomeActivity" />
48-->src\main\AndroidManifest.xml:40:9-76
48-->src\main\AndroidManifest.xml:40:19-73
49    </application>
50
51</manifest>